<!DOCTYPE html PUBLIC "-//W3C//DTD XHTML 1.1//EN" "https://www.w3.org/TR/xhtml11/DTD/xhtml11.dtd">
<html xmlns="https://www.w3.org/1999/xhtml">
<head>
<meta http-equiv="content-type" content="text/html; charset=UTF-8"/>
<title>TestNG Report</title>
<style type="text/css">table {margin-bottom:10px;border-collapse:collapse;empty-cells:show}th,td {border:1px solid #009;padding:.25em .5em}th {vertical-align:bottom}td {vertical-align:top}table a {font-weight:bold}.stripe td {background-color: #E6EBF9}.num {text-align:right}.passedodd td {background-color: #3F3}.passedeven td {background-color: #0A0}.skippedodd td {background-color: #DDD}.skippedeven td {background-color: #CCC}.failedodd td,.attn {background-color: #F33}.failedeven td,.stripe .attn {background-color: #D00}.stacktrace {white-space:pre;font-family:monospace}.totop {font-size:85%;text-align:center;border-bottom:2px solid #000}.invisible {display:none}</style>
</head>
<body>
<table>
<tr><th>Test</th><th># Passed</th><th># Skipped</th><th># Retried</th><th># Failed</th><th>Time (ms)</th><th>Included Groups</th><th>Excluded Groups</th></tr>
<tr><th colspan="8">Suite</th></tr>
<tr><td><a href="#t0">ChromeTest</a></td><td class="num">15</td><td class="num">0</td><td class="num">0</td><td class="num attn">3</td><td class="num">198,815</td><td>regression, sanity</td><td></td></tr>
<tr class="stripe"><td><a href="#t1">EdgeTest</a></td><td class="num">14</td><td class="num">0</td><td class="num">0</td><td class="num attn">4</td><td class="num">201,526</td><td>regression, sanity</td><td></td></tr>
<tr><th>Total</th><th class="num">29</th><th class="num">0</th><th class="num">0</th><th class="num attn">7</th><th class="num">400,341</th><th colspan="2"></th></tr>
</table>
<table id='summary'><thead><tr><th>Class</th><th>Method</th><th>Start</th><th>Time (ms)</th></tr></thead><tbody><tr><th colspan="4">Suite</th></tr></tbody><tbody id="t0"><tr><th colspan="4">ChromeTest &#8212; failed</th></tr><tr class="failedeven"><td rowspan="3">TestCases.CourseraTest3</td><td><a href="#m0">courseraForCampus</a></td><td rowspan="3">1711193780676</td><td rowspan="3">19071</td></tr><tr class="failedeven"><td><a href="#m1">courseraForCampus</a></td></tr><tr class="failedeven"><td><a href="#m2">courseraForCampus</a></td></tr><tr><th colspan="4">ChromeTest &#8212; passed</th></tr><tr class="passedeven"><td rowspan="2">TestCases.CourseraTest1</td><td><a href="#m3">homePage1</a></td><td rowspan="1">1711193610528</td><td rowspan="1">6738</td></tr><tr class="passedeven"><td><a href="#m4">webDevelopmentCourses</a></td><td rowspan="1">1711193617481</td><td rowspan="1">2470</td></tr><tr class="passedodd"><td rowspan="2">TestCases.CourseraTest2</td><td><a href="#m5">homePage2</a></td><td rowspan="1">1711193620140</td><td rowspan="1">10040</td></tr><tr class="passedodd"><td><a href="#m6">languageLearning</a></td><td rowspan="1">1711193630467</td><td rowspan="1">3019</td></tr><tr class="passedeven"><td rowspan="11">TestCases.CourseraTest3</td><td><a href="#m7">courseraForBusiness</a></td><td rowspan="1">1711193645051</td><td rowspan="1">3680</td></tr><tr class="passedeven"><td><a href="#m8">courseraForCampus</a></td><td rowspan="9">1711193684870</td><td rowspan="9">9103</td></tr><tr class="passedeven"><td><a href="#m9">courseraForCampus</a></td></tr><tr class="passedeven"><td><a href="#m10">courseraForCampus</a></td></tr><tr class="passedeven"><td><a href="#m11">courseraForCampus</a></td></tr><tr class="passedeven"><td><a href="#m12">courseraForCampus</a></td></tr><tr class="passedeven"><td><a href="#m13">courseraForCampus</a></td></tr><tr class="passedeven"><td><a href="#m14">courseraForCampus</a></td></tr><tr class="passedeven"><td><a href="#m15">courseraForCampus</a></td></tr><tr class="passedeven"><td><a href="#m16">courseraForCampus</a></td></tr><tr class="passedeven"><td><a href="#m17">homePage3</a></td><td rowspan="1">1711193633657</td><td rowspan="1">11076</td></tr></tbody>
<tbody id="t1"><tr><th colspan="4">EdgeTest &#8212; failed</th></tr><tr class="failedeven"><td rowspan="1">TestCases.CourseraTest2</td><td><a href="#m18">languageLearning</a></td><td rowspan="1">1711193840888</td><td rowspan="1">2312</td></tr><tr class="failedodd"><td rowspan="3">TestCases.CourseraTest3</td><td><a href="#m19">courseraForCampus</a></td><td rowspan="3">1711193963589</td><td rowspan="3">19536</td></tr><tr class="failedodd"><td><a href="#m20">courseraForCampus</a></td></tr><tr class="failedodd"><td><a href="#m21">courseraForCampus</a></td></tr><tr><th colspan="4">EdgeTest &#8212; passed</th></tr><tr class="passedeven"><td rowspan="2">TestCases.CourseraTest1</td><td><a href="#m22">homePage1</a></td><td rowspan="1">1711193819651</td><td rowspan="1">5432</td></tr><tr class="passedeven"><td><a href="#m23">webDevelopmentCourses</a></td><td rowspan="1">1711193825246</td><td rowspan="1">2563</td></tr><tr class="passedodd"><td rowspan="1">TestCases.CourseraTest2</td><td><a href="#m24">homePage2</a></td><td rowspan="1">1711193828021</td><td rowspan="1">12662</td></tr><tr class="passedeven"><td rowspan="11">TestCases.CourseraTest3</td><td><a href="#m25">courseraForBusiness</a></td><td rowspan="1">1711193855660</td><td rowspan="1">4099</td></tr><tr class="passedeven"><td><a href="#m26">courseraForCampus</a></td><td rowspan="9">1711193901104</td><td rowspan="9">8063</td></tr><tr class="passedeven"><td><a href="#m27">courseraForCampus</a></td></tr><tr class="passedeven"><td><a href="#m28">courseraForCampus</a></td></tr><tr class="passedeven"><td><a href="#m29">courseraForCampus</a></td></tr><tr class="passedeven"><td><a href="#m30">courseraForCampus</a></td></tr><tr class="passedeven"><td><a href="#m31">courseraForCampus</a></td></tr><tr class="passedeven"><td><a href="#m32">courseraForCampus</a></td></tr><tr class="passedeven"><td><a href="#m33">courseraForCampus</a></td></tr><tr class="passedeven"><td><a href="#m34">courseraForCampus</a></td></tr><tr class="passedeven"><td><a href="#m35">homePage3</a></td><td rowspan="1">1711193843335</td><td rowspan="1">11930</td></tr></tbody>
</table>
<h2>ChromeTest</h2><h3 id="m0">TestCases.CourseraTest3#courseraForCampus</h3><table class="result"><tr class="param"><th>Parameter #1</th><th>Parameter #2</th><th>Parameter #3</th><th>Parameter #4</th><th>Parameter #5</th><th>Parameter #6</th><th>Parameter #7</th><th>Parameter #8</th><th>Parameter #9</th><th>Parameter #10</th><th>Parameter #11</th></tr><tr class="param stripe"><td>Rohan</td><td>D87yn7</td><td>abg@gil.com</td><td>9876543210</td><td>2 Year College</td><td>Cognizant</td><td>CEO</td><td>International</td><td>Tech Support</td><td>India</td><td>West Bengal</td></tr><tr><th colspan="11">Exception</th></tr><tr><td colspan="11"><div class="stacktrace">org.openqa.selenium.NoSuchElementException: no such element: Unable to locate element: {&quot;method&quot;:&quot;xpath&quot;,&quot;selector&quot;:&quot;//div[@class=&apos;mktoErrorMsg&apos;]&quot;}
  (Session info: chrome=121.0.6167.86)
For documentation on this error, please visit: https://www.selenium.dev/documentation/webdriver/troubleshooting/errors#no-such-element-exception
Build info: version: &apos;4.17.0&apos;, revision: &apos;e52b1be057*&apos;
System info: os.name: &apos;Windows 11&apos;, os.arch: &apos;amd64&apos;, os.version: &apos;10.0&apos;, java.version: &apos;17.0.2&apos;
Driver info: org.openqa.selenium.chrome.ChromeDriver
Command: [572ce576b7cd146307d1f126e4fc70be, findElement {value=//div[@class=&apos;mktoErrorMsg&apos;], using=xpath}]
Capabilities {acceptInsecureCerts: false, browserName: chrome, browserVersion: 121.0.6167.86, chrome: {chromedriverVersion: 121.0.6167.184 (057a8ae7deb..., userDataDir: C:\Windows\SystemTemp\scope...}, fedcm:accounts: true, goog:chromeOptions: {debuggerAddress: localhost:57481}, networkConnectionEnabled: false, pageLoadStrategy: normal, platformName: windows, proxy: Proxy(), se:cdp: ws://localhost:57481/devtoo..., se:cdpVersion: 121.0.6167.86, setWindowRect: true, strictFileInteractability: false, timeouts: {implicit: 0, pageLoad: 300000, script: 30000}, unhandledPromptBehavior: dismiss and notify, webauthn:extension:credBlob: true, webauthn:extension:largeBlob: true, webauthn:extension:minPinLength: true, webauthn:extension:prf: true, webauthn:virtualAuthenticators: true}
Session ID: 572ce576b7cd146307d1f126e4fc70be
	at org.openqa.selenium.remote.codec.w3c.W3CHttpResponseCodec.createException(W3CHttpResponseCodec.java:185)
	at org.openqa.selenium.remote.codec.w3c.W3CHttpResponseCodec.decode(W3CHttpResponseCodec.java:134)
	at org.openqa.selenium.remote.codec.w3c.W3CHttpResponseCodec.decode(W3CHttpResponseCodec.java:51)
	at org.openqa.selenium.remote.HttpCommandExecutor.execute(HttpCommandExecutor.java:190)
	at org.openqa.selenium.remote.service.DriverCommandExecutor.invokeExecute(DriverCommandExecutor.java:216)
	at org.openqa.selenium.remote.service.DriverCommandExecutor.execute(DriverCommandExecutor.java:174)
	at org.openqa.selenium.remote.RemoteWebDriver.execute(RemoteWebDriver.java:519)
	at org.openqa.selenium.remote.ElementLocation$ElementFinder$2.findElement(ElementLocation.java:165)
	at org.openqa.selenium.remote.ElementLocation.findElement(ElementLocation.java:59)
	at org.openqa.selenium.remote.RemoteWebDriver.findElement(RemoteWebDriver.java:356)
	at org.openqa.selenium.remote.RemoteWebDriver.findElement(RemoteWebDriver.java:350)
	at org.openqa.selenium.support.pagefactory.DefaultElementLocator.findElement(DefaultElementLocator.java:68)
	at org.openqa.selenium.support.pagefactory.internal.LocatingElementHandler.invoke(LocatingElementHandler.java:38)
	at jdk.proxy2/jdk.proxy2.$Proxy30.getText(Unknown Source)
	at PageData.ForUniversityPage.getErrorMessage(ForUniversityPage.java:140)
	at TestCases.CourseraTest3.courseraForCampus(CourseraTest3.java:97)
	at java.base/java.util.ArrayList.forEach(ArrayList.java:1511)
... Removed 32 stack frames</div></td></tr></table><p class="totop"><a href="#summary">back to summary</a></p>
<h3 id="m1">TestCases.CourseraTest3#courseraForCampus</h3><table class="result"><tr class="param"><th>Parameter #1</th><th>Parameter #2</th><th>Parameter #3</th><th>Parameter #4</th><th>Parameter #5</th><th>Parameter #6</th><th>Parameter #7</th><th>Parameter #8</th><th>Parameter #9</th><th>Parameter #10</th><th>Parameter #11</th></tr><tr class="param stripe"><td>Rohan</td><td>Das</td><td>abg@gil.com</td><td>9876543210</td><td>2 Year College</td><td>Cognizant</td><td>CEO</td><td>International</td><td>Tech Support</td><td>India</td><td>West Bengal</td></tr><tr><th colspan="11">Exception</th></tr><tr><td colspan="11"><div class="stacktrace">org.openqa.selenium.NoSuchElementException: no such element: Unable to locate element: {&quot;method&quot;:&quot;xpath&quot;,&quot;selector&quot;:&quot;//div[@class=&apos;mktoErrorMsg&apos;]&quot;}
  (Session info: chrome=121.0.6167.86)
For documentation on this error, please visit: https://www.selenium.dev/documentation/webdriver/troubleshooting/errors#no-such-element-exception
Build info: version: &apos;4.17.0&apos;, revision: &apos;e52b1be057*&apos;
System info: os.name: &apos;Windows 11&apos;, os.arch: &apos;amd64&apos;, os.version: &apos;10.0&apos;, java.version: &apos;17.0.2&apos;
Driver info: org.openqa.selenium.chrome.ChromeDriver
Command: [572ce576b7cd146307d1f126e4fc70be, findElement {value=//div[@class=&apos;mktoErrorMsg&apos;], using=xpath}]
Capabilities {acceptInsecureCerts: false, browserName: chrome, browserVersion: 121.0.6167.86, chrome: {chromedriverVersion: 121.0.6167.184 (057a8ae7deb..., userDataDir: C:\Windows\SystemTemp\scope...}, fedcm:accounts: true, goog:chromeOptions: {debuggerAddress: localhost:57481}, networkConnectionEnabled: false, pageLoadStrategy: normal, platformName: windows, proxy: Proxy(), se:cdp: ws://localhost:57481/devtoo..., se:cdpVersion: 121.0.6167.86, setWindowRect: true, strictFileInteractability: false, timeouts: {implicit: 0, pageLoad: 300000, script: 30000}, unhandledPromptBehavior: dismiss and notify, webauthn:extension:credBlob: true, webauthn:extension:largeBlob: true, webauthn:extension:minPinLength: true, webauthn:extension:prf: true, webauthn:virtualAuthenticators: true}
Session ID: 572ce576b7cd146307d1f126e4fc70be
	at org.openqa.selenium.remote.codec.w3c.W3CHttpResponseCodec.createException(W3CHttpResponseCodec.java:185)
	at org.openqa.selenium.remote.codec.w3c.W3CHttpResponseCodec.decode(W3CHttpResponseCodec.java:134)
	at org.openqa.selenium.remote.codec.w3c.W3CHttpResponseCodec.decode(W3CHttpResponseCodec.java:51)
	at org.openqa.selenium.remote.HttpCommandExecutor.execute(HttpCommandExecutor.java:190)
	at org.openqa.selenium.remote.service.DriverCommandExecutor.invokeExecute(DriverCommandExecutor.java:216)
	at org.openqa.selenium.remote.service.DriverCommandExecutor.execute(DriverCommandExecutor.java:174)
	at org.openqa.selenium.remote.RemoteWebDriver.execute(RemoteWebDriver.java:519)
	at org.openqa.selenium.remote.ElementLocation$ElementFinder$2.findElement(ElementLocation.java:165)
	at org.openqa.selenium.remote.ElementLocation.findElement(ElementLocation.java:59)
	at org.openqa.selenium.remote.RemoteWebDriver.findElement(RemoteWebDriver.java:356)
	at org.openqa.selenium.remote.RemoteWebDriver.findElement(RemoteWebDriver.java:350)
	at org.openqa.selenium.support.pagefactory.DefaultElementLocator.findElement(DefaultElementLocator.java:68)
	at org.openqa.selenium.support.pagefactory.internal.LocatingElementHandler.invoke(LocatingElementHandler.java:38)
	at jdk.proxy2/jdk.proxy2.$Proxy30.getText(Unknown Source)
	at PageData.ForUniversityPage.getErrorMessage(ForUniversityPage.java:140)
	at TestCases.CourseraTest3.courseraForCampus(CourseraTest3.java:97)
	at java.base/java.util.ArrayList.forEach(ArrayList.java:1511)
... Removed 32 stack frames</div></td></tr></table><p class="totop"><a href="#summary">back to summary</a></p>
<h3 id="m2">TestCases.CourseraTest3#courseraForCampus</h3><table class="result"><tr class="param"><th>Parameter #1</th><th>Parameter #2</th><th>Parameter #3</th><th>Parameter #4</th><th>Parameter #5</th><th>Parameter #6</th><th>Parameter #7</th><th>Parameter #8</th><th>Parameter #9</th><th>Parameter #10</th><th>Parameter #11</th></tr><tr class="param stripe"><td>Roh54578</td><td>Das</td><td>abg@gil.com</td><td>9876543210</td><td>2 Year College</td><td>Cognizant</td><td>CEO</td><td>International</td><td>Tech Support</td><td>India</td><td>West Bengal</td></tr><tr><th colspan="11">Exception</th></tr><tr><td colspan="11"><div class="stacktrace">org.openqa.selenium.NoSuchElementException: no such element: Unable to locate element: {&quot;method&quot;:&quot;xpath&quot;,&quot;selector&quot;:&quot;//div[@class=&apos;mktoErrorMsg&apos;]&quot;}
  (Session info: chrome=121.0.6167.86)
For documentation on this error, please visit: https://www.selenium.dev/documentation/webdriver/troubleshooting/errors#no-such-element-exception
Build info: version: &apos;4.17.0&apos;, revision: &apos;e52b1be057*&apos;
System info: os.name: &apos;Windows 11&apos;, os.arch: &apos;amd64&apos;, os.version: &apos;10.0&apos;, java.version: &apos;17.0.2&apos;
Driver info: org.openqa.selenium.chrome.ChromeDriver
Command: [572ce576b7cd146307d1f126e4fc70be, findElement {value=//div[@class=&apos;mktoErrorMsg&apos;], using=xpath}]
Capabilities {acceptInsecureCerts: false, browserName: chrome, browserVersion: 121.0.6167.86, chrome: {chromedriverVersion: 121.0.6167.184 (057a8ae7deb..., userDataDir: C:\Windows\SystemTemp\scope...}, fedcm:accounts: true, goog:chromeOptions: {debuggerAddress: localhost:57481}, networkConnectionEnabled: false, pageLoadStrategy: normal, platformName: windows, proxy: Proxy(), se:cdp: ws://localhost:57481/devtoo..., se:cdpVersion: 121.0.6167.86, setWindowRect: true, strictFileInteractability: false, timeouts: {implicit: 0, pageLoad: 300000, script: 30000}, unhandledPromptBehavior: dismiss and notify, webauthn:extension:credBlob: true, webauthn:extension:largeBlob: true, webauthn:extension:minPinLength: true, webauthn:extension:prf: true, webauthn:virtualAuthenticators: true}
Session ID: 572ce576b7cd146307d1f126e4fc70be
	at org.openqa.selenium.remote.codec.w3c.W3CHttpResponseCodec.createException(W3CHttpResponseCodec.java:185)
	at org.openqa.selenium.remote.codec.w3c.W3CHttpResponseCodec.decode(W3CHttpResponseCodec.java:134)
	at org.openqa.selenium.remote.codec.w3c.W3CHttpResponseCodec.decode(W3CHttpResponseCodec.java:51)
	at org.openqa.selenium.remote.HttpCommandExecutor.execute(HttpCommandExecutor.java:190)
	at org.openqa.selenium.remote.service.DriverCommandExecutor.invokeExecute(DriverCommandExecutor.java:216)
	at org.openqa.selenium.remote.service.DriverCommandExecutor.execute(DriverCommandExecutor.java:174)
	at org.openqa.selenium.remote.RemoteWebDriver.execute(RemoteWebDriver.java:519)
	at org.openqa.selenium.remote.ElementLocation$ElementFinder$2.findElement(ElementLocation.java:165)
	at org.openqa.selenium.remote.ElementLocation.findElement(ElementLocation.java:59)
	at org.openqa.selenium.remote.RemoteWebDriver.findElement(RemoteWebDriver.java:356)
	at org.openqa.selenium.remote.RemoteWebDriver.findElement(RemoteWebDriver.java:350)
	at org.openqa.selenium.support.pagefactory.DefaultElementLocator.findElement(DefaultElementLocator.java:68)
	at org.openqa.selenium.support.pagefactory.internal.LocatingElementHandler.invoke(LocatingElementHandler.java:38)
	at jdk.proxy2/jdk.proxy2.$Proxy30.getText(Unknown Source)
	at PageData.ForUniversityPage.getErrorMessage(ForUniversityPage.java:140)
	at TestCases.CourseraTest3.courseraForCampus(CourseraTest3.java:97)
	at java.base/java.util.ArrayList.forEach(ArrayList.java:1511)
... Removed 32 stack frames</div></td></tr></table><p class="totop"><a href="#summary">back to summary</a></p>
<h3 id="m3">TestCases.CourseraTest1#homePage1</h3><table class="result"><tr><th class="invisible"/></tr></table><p class="totop"><a href="#summary">back to summary</a></p>
<h3 id="m4">TestCases.CourseraTest1#webDevelopmentCourses</h3><table class="result"><tr><th class="invisible"/></tr></table><p class="totop"><a href="#summary">back to summary</a></p>
<h3 id="m5">TestCases.CourseraTest2#homePage2</h3><table class="result"><tr><th class="invisible"/></tr></table><p class="totop"><a href="#summary">back to summary</a></p>
<h3 id="m6">TestCases.CourseraTest2#languageLearning</h3><table class="result"><tr><th class="invisible"/></tr></table><p class="totop"><a href="#summary">back to summary</a></p>
<h3 id="m7">TestCases.CourseraTest3#courseraForBusiness</h3><table class="result"><tr><th class="invisible"/></tr></table><p class="totop"><a href="#summary">back to summary</a></p>
<h3 id="m8">TestCases.CourseraTest3#courseraForCampus</h3><table class="result"><tr class="param"><th>Parameter #1</th><th>Parameter #2</th><th>Parameter #3</th><th>Parameter #4</th><th>Parameter #5</th><th>Parameter #6</th><th>Parameter #7</th><th>Parameter #8</th><th>Parameter #9</th><th>Parameter #10</th><th>Parameter #11</th></tr><tr class="param stripe"><td>Rohan</td><td>Das</td><td>abg@gil.com</td><td>ajshfxjhqj</td><td>2 Year College</td><td>Cognizant</td><td>CEO</td><td>International</td><td>Tech Support</td><td>India</td><td>West Bengal</td></tr></table><p class="totop"><a href="#summary">back to summary</a></p>
<h3 id="m9">TestCases.CourseraTest3#courseraForCampus</h3><table class="result"><tr class="param"><th>Parameter #1</th><th>Parameter #2</th><th>Parameter #3</th><th>Parameter #4</th><th>Parameter #5</th><th>Parameter #6</th><th>Parameter #7</th><th>Parameter #8</th><th>Parameter #9</th><th>Parameter #10</th><th>Parameter #11</th></tr><tr class="param stripe"><td>Rohan</td><td></td><td>abg@gil.com</td><td>9876543210</td><td>2 Year College</td><td>Cognizant</td><td>CEO</td><td>International</td><td>Tech Support</td><td>India</td><td>West Bengal</td></tr></table><p class="totop"><a href="#summary">back to summary</a></p>
<h3 id="m10">TestCases.CourseraTest3#courseraForCampus</h3><table class="result"><tr class="param"><th>Parameter #1</th><th>Parameter #2</th><th>Parameter #3</th><th>Parameter #4</th><th>Parameter #5</th><th>Parameter #6</th><th>Parameter #7</th><th>Parameter #8</th><th>Parameter #9</th><th>Parameter #10</th><th>Parameter #11</th></tr><tr class="param stripe"><td>Rohan</td><td>Das</td><td>abg@gil.com</td><td></td><td>2 Year College</td><td>Cognizant</td><td>CEO</td><td>International</td><td>Tech Support</td><td>India</td><td>West Bengal</td></tr></table><p class="totop"><a href="#summary">back to summary</a></p>
<h3 id="m11">TestCases.CourseraTest3#courseraForCampus</h3><table class="result"><tr class="param"><th>Parameter #1</th><th>Parameter #2</th><th>Parameter #3</th><th>Parameter #4</th><th>Parameter #5</th><th>Parameter #6</th><th>Parameter #7</th><th>Parameter #8</th><th>Parameter #9</th><th>Parameter #10</th><th>Parameter #11</th></tr><tr class="param stripe"><td></td><td>Das</td><td>abg@gil.com</td><td>9876543210</td><td>2 Year College</td><td>Cognizant</td><td>CEO</td><td>International</td><td>Tech Support</td><td>India</td><td>West Bengal</td></tr></table><p class="totop"><a href="#summary">back to summary</a></p>
<h3 id="m12">TestCases.CourseraTest3#courseraForCampus</h3><table class="result"><tr class="param"><th>Parameter #1</th><th>Parameter #2</th><th>Parameter #3</th><th>Parameter #4</th><th>Parameter #5</th><th>Parameter #6</th><th>Parameter #7</th><th>Parameter #8</th><th>Parameter #9</th><th>Parameter #10</th><th>Parameter #11</th></tr><tr class="param stripe"><td>Rohan</td><td>Das</td><td>abg@gil.com</td><td>9876543210</td><td>2 Year College</td><td></td><td>CEO</td><td>International</td><td>Tech Support</td><td>India</td><td>West Bengal</td></tr></table><p class="totop"><a href="#summary">back to summary</a></p>
<h3 id="m13">TestCases.CourseraTest3#courseraForCampus</h3><table class="result"><tr class="param"><th>Parameter #1</th><th>Parameter #2</th><th>Parameter #3</th><th>Parameter #4</th><th>Parameter #5</th><th>Parameter #6</th><th>Parameter #7</th><th>Parameter #8</th><th>Parameter #9</th><th>Parameter #10</th><th>Parameter #11</th></tr><tr class="param stripe"><td>Rohan</td><td>Das</td><td>rda#cog</td><td>9876543210</td><td>2 Year College</td><td>Cognizant</td><td>CEO</td><td>International</td><td>Tech Support</td><td>India</td><td>West Bengal</td></tr></table><p class="totop"><a href="#summary">back to summary</a></p>
<h3 id="m14">TestCases.CourseraTest3#courseraForCampus</h3><table class="result"><tr class="param"><th>Parameter #1</th><th>Parameter #2</th><th>Parameter #3</th><th>Parameter #4</th><th>Parameter #5</th><th>Parameter #6</th><th>Parameter #7</th><th>Parameter #8</th><th>Parameter #9</th><th>Parameter #10</th><th>Parameter #11</th></tr><tr class="param stripe"><td>Rohan</td><td>Das</td><td>rda@cog.com</td><td>98765sdca#</td><td>2 Year College</td><td>Cognizant</td><td>CEO</td><td>International</td><td>Tech Support</td><td>India</td><td>West Bengal</td></tr></table><p class="totop"><a href="#summary">back to summary</a></p>
<h3 id="m15">TestCases.CourseraTest3#courseraForCampus</h3><table class="result"><tr class="param"><th>Parameter #1</th><th>Parameter #2</th><th>Parameter #3</th><th>Parameter #4</th><th>Parameter #5</th><th>Parameter #6</th><th>Parameter #7</th><th>Parameter #8</th><th>Parameter #9</th><th>Parameter #10</th><th>Parameter #11</th></tr><tr class="param stripe"><td>Rohan</td><td>Das</td><td></td><td>9876543210</td><td>2 Year College</td><td>Cognizant</td><td>CEO</td><td>International</td><td>Tech Support</td><td>India</td><td>West Bengal</td></tr></table><p class="totop"><a href="#summary">back to summary</a></p>
<h3 id="m16">TestCases.CourseraTest3#courseraForCampus</h3><table class="result"><tr class="param"><th>Parameter #1</th><th>Parameter #2</th><th>Parameter #3</th><th>Parameter #4</th><th>Parameter #5</th><th>Parameter #6</th><th>Parameter #7</th><th>Parameter #8</th><th>Parameter #9</th><th>Parameter #10</th><th>Parameter #11</th></tr><tr class="param stripe"><td>Rohan</td><td>Das</td><td>d3qn4</td><td>9876543210</td><td>2 Year College</td><td>Cognizant</td><td>CEO</td><td>International</td><td>Tech Support</td><td>India</td><td>West Bengal</td></tr></table><p class="totop"><a href="#summary">back to summary</a></p>
<h3 id="m17">TestCases.CourseraTest3#homePage3</h3><table class="result"><tr><th class="invisible"/></tr></table><p class="totop"><a href="#summary">back to summary</a></p>
<h2>EdgeTest</h2><h3 id="m18">TestCases.CourseraTest2#languageLearning</h3><table class="result"><tr><th>Exception</th></tr><tr><td><div class="stacktrace">org.openqa.selenium.StaleElementReferenceException: stale element reference: stale element not found
  (Session info: MicrosoftEdge=122.0.2365.92)
For documentation on this error, please visit: https://www.selenium.dev/documentation/webdriver/troubleshooting/errors#stale-element-reference-exception
Build info: version: &apos;4.17.0&apos;, revision: &apos;e52b1be057*&apos;
System info: os.name: &apos;Windows 11&apos;, os.arch: &apos;amd64&apos;, os.version: &apos;10.0&apos;, java.version: &apos;17.0.2&apos;
Driver info: org.openqa.selenium.edge.EdgeDriver
Command: [fcdbb84466413bc81ea4fedac57d9e95, getElementText {id=f.05997F38EB09DD9E2D4714A495FC0128.d.BF9F1BFF77B73FFCDB044716D4345634.e.375}]
Capabilities {acceptInsecureCerts: false, browserName: MicrosoftEdge, browserVersion: 122.0.2365.92, fedcm:accounts: true, ms:edgeOptions: {debuggerAddress: localhost:58266}, msedge: {msedgedriverVersion: 122.0.2365.106 (a5761ec7165..., userDataDir: C:\Windows\SystemTemp\scope...}, networkConnectionEnabled: false, pageLoadStrategy: normal, platformName: windows, proxy: Proxy(), se:cdp: ws://localhost:58266/devtoo..., se:cdpVersion: 122.0.2365.92, setWindowRect: true, strictFileInteractability: false, timeouts: {implicit: 0, pageLoad: 300000, script: 30000}, unhandledPromptBehavior: dismiss and notify, webauthn:extension:credBlob: true, webauthn:extension:largeBlob: true, webauthn:extension:minPinLength: true, webauthn:extension:prf: true, webauthn:virtualAuthenticators: true}
Element: [[EdgeDriver: MicrosoftEdge on windows (fcdbb84466413bc81ea4fedac57d9e95)] -&gt; xpath: //div[@id=&apos;checkbox-group&apos;]//div[@class=&apos;cds-checkboxAndRadio-labelText&apos;]/span]
Session ID: fcdbb84466413bc81ea4fedac57d9e95
	at org.openqa.selenium.remote.codec.w3c.W3CHttpResponseCodec.createException(W3CHttpResponseCodec.java:185)
	at org.openqa.selenium.remote.codec.w3c.W3CHttpResponseCodec.decode(W3CHttpResponseCodec.java:134)
	at org.openqa.selenium.remote.codec.w3c.W3CHttpResponseCodec.decode(W3CHttpResponseCodec.java:51)
	at org.openqa.selenium.remote.HttpCommandExecutor.execute(HttpCommandExecutor.java:190)
	at org.openqa.selenium.remote.service.DriverCommandExecutor.invokeExecute(DriverCommandExecutor.java:216)
	at org.openqa.selenium.remote.service.DriverCommandExecutor.execute(DriverCommandExecutor.java:174)
	at org.openqa.selenium.remote.RemoteWebDriver.execute(RemoteWebDriver.java:519)
	at org.openqa.selenium.remote.RemoteWebElement.execute(RemoteWebElement.java:223)
	at org.openqa.selenium.remote.RemoteWebElement.getText(RemoteWebElement.java:191)
	at TestCases.CourseraTest2.languageLearning(CourseraTest2.java:69)
	at java.base/java.util.ArrayList.forEach(ArrayList.java:1511)
... Removed 32 stack frames</div></td></tr></table><p class="totop"><a href="#summary">back to summary</a></p>
<h3 id="m19">TestCases.CourseraTest3#courseraForCampus</h3><table class="result"><tr class="param"><th>Parameter #1</th><th>Parameter #2</th><th>Parameter #3</th><th>Parameter #4</th><th>Parameter #5</th><th>Parameter #6</th><th>Parameter #7</th><th>Parameter #8</th><th>Parameter #9</th><th>Parameter #10</th><th>Parameter #11</th></tr><tr class="param stripe"><td>Roh54578</td><td>Das</td><td>abg@gil.com</td><td>9876543210</td><td>2 Year College</td><td>Cognizant</td><td>CEO</td><td>International</td><td>Tech Support</td><td>India</td><td>West Bengal</td></tr><tr><th colspan="11">Exception</th></tr><tr><td colspan="11"><div class="stacktrace">org.openqa.selenium.NoSuchElementException: no such element: Unable to locate element: {&quot;method&quot;:&quot;xpath&quot;,&quot;selector&quot;:&quot;//div[@class=&apos;mktoErrorMsg&apos;]&quot;}
  (Session info: MicrosoftEdge=122.0.2365.92)
For documentation on this error, please visit: https://www.selenium.dev/documentation/webdriver/troubleshooting/errors#no-such-element-exception
Build info: version: &apos;4.17.0&apos;, revision: &apos;e52b1be057*&apos;
System info: os.name: &apos;Windows 11&apos;, os.arch: &apos;amd64&apos;, os.version: &apos;10.0&apos;, java.version: &apos;17.0.2&apos;
Driver info: org.openqa.selenium.edge.EdgeDriver
Command: [fcdbb84466413bc81ea4fedac57d9e95, findElement {value=//div[@class=&apos;mktoErrorMsg&apos;], using=xpath}]
Capabilities {acceptInsecureCerts: false, browserName: MicrosoftEdge, browserVersion: 122.0.2365.92, fedcm:accounts: true, ms:edgeOptions: {debuggerAddress: localhost:58266}, msedge: {msedgedriverVersion: 122.0.2365.106 (a5761ec7165..., userDataDir: C:\Windows\SystemTemp\scope...}, networkConnectionEnabled: false, pageLoadStrategy: normal, platformName: windows, proxy: Proxy(), se:cdp: ws://localhost:58266/devtoo..., se:cdpVersion: 122.0.2365.92, setWindowRect: true, strictFileInteractability: false, timeouts: {implicit: 0, pageLoad: 300000, script: 30000}, unhandledPromptBehavior: dismiss and notify, webauthn:extension:credBlob: true, webauthn:extension:largeBlob: true, webauthn:extension:minPinLength: true, webauthn:extension:prf: true, webauthn:virtualAuthenticators: true}
Session ID: fcdbb84466413bc81ea4fedac57d9e95
	at org.openqa.selenium.remote.codec.w3c.W3CHttpResponseCodec.createException(W3CHttpResponseCodec.java:185)
	at org.openqa.selenium.remote.codec.w3c.W3CHttpResponseCodec.decode(W3CHttpResponseCodec.java:134)
	at org.openqa.selenium.remote.codec.w3c.W3CHttpResponseCodec.decode(W3CHttpResponseCodec.java:51)
	at org.openqa.selenium.remote.HttpCommandExecutor.execute(HttpCommandExecutor.java:190)
	at org.openqa.selenium.remote.service.DriverCommandExecutor.invokeExecute(DriverCommandExecutor.java:216)
	at org.openqa.selenium.remote.service.DriverCommandExecutor.execute(DriverCommandExecutor.java:174)
	at org.openqa.selenium.remote.RemoteWebDriver.execute(RemoteWebDriver.java:519)
	at org.openqa.selenium.remote.ElementLocation$ElementFinder$2.findElement(ElementLocation.java:165)
	at org.openqa.selenium.remote.ElementLocation.findElement(ElementLocation.java:59)
	at org.openqa.selenium.remote.RemoteWebDriver.findElement(RemoteWebDriver.java:356)
	at org.openqa.selenium.remote.RemoteWebDriver.findElement(RemoteWebDriver.java:350)
	at org.openqa.selenium.support.pagefactory.DefaultElementLocator.findElement(DefaultElementLocator.java:68)
	at org.openqa.selenium.support.pagefactory.internal.LocatingElementHandler.invoke(LocatingElementHandler.java:38)
	at jdk.proxy2/jdk.proxy2.$Proxy30.getText(Unknown Source)
	at PageData.ForUniversityPage.getErrorMessage(ForUniversityPage.java:140)
	at TestCases.CourseraTest3.courseraForCampus(CourseraTest3.java:97)
	at java.base/java.util.ArrayList.forEach(ArrayList.java:1511)
... Removed 31 stack frames</div></td></tr></table><p class="totop"><a href="#summary">back to summary</a></p>
<h3 id="m20">TestCases.CourseraTest3#courseraForCampus</h3><table class="result"><tr class="param"><th>Parameter #1</th><th>Parameter #2</th><th>Parameter #3</th><th>Parameter #4</th><th>Parameter #5</th><th>Parameter #6</th><th>Parameter #7</th><th>Parameter #8</th><th>Parameter #9</th><th>Parameter #10</th><th>Parameter #11</th></tr><tr class="param stripe"><td>Rohan</td><td>D87yn7</td><td>abg@gil.com</td><td>9876543210</td><td>2 Year College</td><td>Cognizant</td><td>CEO</td><td>International</td><td>Tech Support</td><td>India</td><td>West Bengal</td></tr><tr><th colspan="11">Exception</th></tr><tr><td colspan="11"><div class="stacktrace">org.openqa.selenium.NoSuchElementException: no such element: Unable to locate element: {&quot;method&quot;:&quot;xpath&quot;,&quot;selector&quot;:&quot;//div[@class=&apos;mktoErrorMsg&apos;]&quot;}
  (Session info: MicrosoftEdge=122.0.2365.92)
For documentation on this error, please visit: https://www.selenium.dev/documentation/webdriver/troubleshooting/errors#no-such-element-exception
Build info: version: &apos;4.17.0&apos;, revision: &apos;e52b1be057*&apos;
System info: os.name: &apos;Windows 11&apos;, os.arch: &apos;amd64&apos;, os.version: &apos;10.0&apos;, java.version: &apos;17.0.2&apos;
Driver info: org.openqa.selenium.edge.EdgeDriver
Command: [fcdbb84466413bc81ea4fedac57d9e95, findElement {value=//div[@class=&apos;mktoErrorMsg&apos;], using=xpath}]
Capabilities {acceptInsecureCerts: false, browserName: MicrosoftEdge, browserVersion: 122.0.2365.92, fedcm:accounts: true, ms:edgeOptions: {debuggerAddress: localhost:58266}, msedge: {msedgedriverVersion: 122.0.2365.106 (a5761ec7165..., userDataDir: C:\Windows\SystemTemp\scope...}, networkConnectionEnabled: false, pageLoadStrategy: normal, platformName: windows, proxy: Proxy(), se:cdp: ws://localhost:58266/devtoo..., se:cdpVersion: 122.0.2365.92, setWindowRect: true, strictFileInteractability: false, timeouts: {implicit: 0, pageLoad: 300000, script: 30000}, unhandledPromptBehavior: dismiss and notify, webauthn:extension:credBlob: true, webauthn:extension:largeBlob: true, webauthn:extension:minPinLength: true, webauthn:extension:prf: true, webauthn:virtualAuthenticators: true}
Session ID: fcdbb84466413bc81ea4fedac57d9e95
	at org.openqa.selenium.remote.codec.w3c.W3CHttpResponseCodec.createException(W3CHttpResponseCodec.java:185)
	at org.openqa.selenium.remote.codec.w3c.W3CHttpResponseCodec.decode(W3CHttpResponseCodec.java:134)
	at org.openqa.selenium.remote.codec.w3c.W3CHttpResponseCodec.decode(W3CHttpResponseCodec.java:51)
	at org.openqa.selenium.remote.HttpCommandExecutor.execute(HttpCommandExecutor.java:190)
	at org.openqa.selenium.remote.service.DriverCommandExecutor.invokeExecute(DriverCommandExecutor.java:216)
	at org.openqa.selenium.remote.service.DriverCommandExecutor.execute(DriverCommandExecutor.java:174)
	at org.openqa.selenium.remote.RemoteWebDriver.execute(RemoteWebDriver.java:519)
	at org.openqa.selenium.remote.ElementLocation$ElementFinder$2.findElement(ElementLocation.java:165)
	at org.openqa.selenium.remote.ElementLocation.findElement(ElementLocation.java:59)
	at org.openqa.selenium.remote.RemoteWebDriver.findElement(RemoteWebDriver.java:356)
	at org.openqa.selenium.remote.RemoteWebDriver.findElement(RemoteWebDriver.java:350)
	at org.openqa.selenium.support.pagefactory.DefaultElementLocator.findElement(DefaultElementLocator.java:68)
	at org.openqa.selenium.support.pagefactory.internal.LocatingElementHandler.invoke(LocatingElementHandler.java:38)
	at jdk.proxy2/jdk.proxy2.$Proxy30.getText(Unknown Source)
	at PageData.ForUniversityPage.getErrorMessage(ForUniversityPage.java:140)
	at TestCases.CourseraTest3.courseraForCampus(CourseraTest3.java:97)
	at java.base/java.util.ArrayList.forEach(ArrayList.java:1511)
... Removed 31 stack frames</div></td></tr></table><p class="totop"><a href="#summary">back to summary</a></p>
<h3 id="m21">TestCases.CourseraTest3#courseraForCampus</h3><table class="result"><tr class="param"><th>Parameter #1</th><th>Parameter #2</th><th>Parameter #3</th><th>Parameter #4</th><th>Parameter #5</th><th>Parameter #6</th><th>Parameter #7</th><th>Parameter #8</th><th>Parameter #9</th><th>Parameter #10</th><th>Parameter #11</th></tr><tr class="param stripe"><td>Rohan</td><td>Das</td><td>abg@gil.com</td><td>9876543210</td><td>2 Year College</td><td>Cognizant</td><td>CEO</td><td>International</td><td>Tech Support</td><td>India</td><td>West Bengal</td></tr><tr><th colspan="11">Exception</th></tr><tr><td colspan="11"><div class="stacktrace">org.openqa.selenium.NoSuchElementException: no such element: Unable to locate element: {&quot;method&quot;:&quot;xpath&quot;,&quot;selector&quot;:&quot;//div[@class=&apos;mktoErrorMsg&apos;]&quot;}
  (Session info: MicrosoftEdge=122.0.2365.92)
For documentation on this error, please visit: https://www.selenium.dev/documentation/webdriver/troubleshooting/errors#no-such-element-exception
Build info: version: &apos;4.17.0&apos;, revision: &apos;e52b1be057*&apos;
System info: os.name: &apos;Windows 11&apos;, os.arch: &apos;amd64&apos;, os.version: &apos;10.0&apos;, java.version: &apos;17.0.2&apos;
Driver info: org.openqa.selenium.edge.EdgeDriver
Command: [fcdbb84466413bc81ea4fedac57d9e95, findElement {value=//div[@class=&apos;mktoErrorMsg&apos;], using=xpath}]
Capabilities {acceptInsecureCerts: false, browserName: MicrosoftEdge, browserVersion: 122.0.2365.92, fedcm:accounts: true, ms:edgeOptions: {debuggerAddress: localhost:58266}, msedge: {msedgedriverVersion: 122.0.2365.106 (a5761ec7165..., userDataDir: C:\Windows\SystemTemp\scope...}, networkConnectionEnabled: false, pageLoadStrategy: normal, platformName: windows, proxy: Proxy(), se:cdp: ws://localhost:58266/devtoo..., se:cdpVersion: 122.0.2365.92, setWindowRect: true, strictFileInteractability: false, timeouts: {implicit: 0, pageLoad: 300000, script: 30000}, unhandledPromptBehavior: dismiss and notify, webauthn:extension:credBlob: true, webauthn:extension:largeBlob: true, webauthn:extension:minPinLength: true, webauthn:extension:prf: true, webauthn:virtualAuthenticators: true}
Session ID: fcdbb84466413bc81ea4fedac57d9e95
	at org.openqa.selenium.remote.codec.w3c.W3CHttpResponseCodec.createException(W3CHttpResponseCodec.java:185)
	at org.openqa.selenium.remote.codec.w3c.W3CHttpResponseCodec.decode(W3CHttpResponseCodec.java:134)
	at org.openqa.selenium.remote.codec.w3c.W3CHttpResponseCodec.decode(W3CHttpResponseCodec.java:51)
	at org.openqa.selenium.remote.HttpCommandExecutor.execute(HttpCommandExecutor.java:190)
	at org.openqa.selenium.remote.service.DriverCommandExecutor.invokeExecute(DriverCommandExecutor.java:216)
	at org.openqa.selenium.remote.service.DriverCommandExecutor.execute(DriverCommandExecutor.java:174)
	at org.openqa.selenium.remote.RemoteWebDriver.execute(RemoteWebDriver.java:519)
	at org.openqa.selenium.remote.ElementLocation$ElementFinder$2.findElement(ElementLocation.java:165)
	at org.openqa.selenium.remote.ElementLocation.findElement(ElementLocation.java:59)
	at org.openqa.selenium.remote.RemoteWebDriver.findElement(RemoteWebDriver.java:356)
	at org.openqa.selenium.remote.RemoteWebDriver.findElement(RemoteWebDriver.java:350)
	at org.openqa.selenium.support.pagefactory.DefaultElementLocator.findElement(DefaultElementLocator.java:68)
	at org.openqa.selenium.support.pagefactory.internal.LocatingElementHandler.invoke(LocatingElementHandler.java:38)
	at jdk.proxy2/jdk.proxy2.$Proxy30.getText(Unknown Source)
	at PageData.ForUniversityPage.getErrorMessage(ForUniversityPage.java:140)
	at TestCases.CourseraTest3.courseraForCampus(CourseraTest3.java:97)
	at java.base/java.util.ArrayList.forEach(ArrayList.java:1511)
... Removed 31 stack frames</div></td></tr></table><p class="totop"><a href="#summary">back to summary</a></p>
<h3 id="m22">TestCases.CourseraTest1#homePage1</h3><table class="result"><tr><th class="invisible"/></tr></table><p class="totop"><a href="#summary">back to summary</a></p>
<h3 id="m23">TestCases.CourseraTest1#webDevelopmentCourses</h3><table class="result"><tr><th class="invisible"/></tr></table><p class="totop"><a href="#summary">back to summary</a></p>
<h3 id="m24">TestCases.CourseraTest2#homePage2</h3><table class="result"><tr><th class="invisible"/></tr></table><p class="totop"><a href="#summary">back to summary</a></p>
<h3 id="m25">TestCases.CourseraTest3#courseraForBusiness</h3><table class="result"><tr><th class="invisible"/></tr></table><p class="totop"><a href="#summary">back to summary</a></p>
<h3 id="m26">TestCases.CourseraTest3#courseraForCampus</h3><table class="result"><tr class="param"><th>Parameter #1</th><th>Parameter #2</th><th>Parameter #3</th><th>Parameter #4</th><th>Parameter #5</th><th>Parameter #6</th><th>Parameter #7</th><th>Parameter #8</th><th>Parameter #9</th><th>Parameter #10</th><th>Parameter #11</th></tr><tr class="param stripe"><td></td><td>Das</td><td>abg@gil.com</td><td>9876543210</td><td>2 Year College</td><td>Cognizant</td><td>CEO</td><td>International</td><td>Tech Support</td><td>India</td><td>West Bengal</td></tr></table><p class="totop"><a href="#summary">back to summary</a></p>
<h3 id="m27">TestCases.CourseraTest3#courseraForCampus</h3><table class="result"><tr class="param"><th>Parameter #1</th><th>Parameter #2</th><th>Parameter #3</th><th>Parameter #4</th><th>Parameter #5</th><th>Parameter #6</th><th>Parameter #7</th><th>Parameter #8</th><th>Parameter #9</th><th>Parameter #10</th><th>Parameter #11</th></tr><tr class="param stripe"><td>Rohan</td><td>Das</td><td>abg@gil.com</td><td></td><td>2 Year College</td><td>Cognizant</td><td>CEO</td><td>International</td><td>Tech Support</td><td>India</td><td>West Bengal</td></tr></table><p class="totop"><a href="#summary">back to summary</a></p>
<h3 id="m28">TestCases.CourseraTest3#courseraForCampus</h3><table class="result"><tr class="param"><th>Parameter #1</th><th>Parameter #2</th><th>Parameter #3</th><th>Parameter #4</th><th>Parameter #5</th><th>Parameter #6</th><th>Parameter #7</th><th>Parameter #8</th><th>Parameter #9</th><th>Parameter #10</th><th>Parameter #11</th></tr><tr class="param stripe"><td>Rohan</td><td>Das</td><td>abg@gil.com</td><td>9876543210</td><td>2 Year College</td><td></td><td>CEO</td><td>International</td><td>Tech Support</td><td>India</td><td>West Bengal</td></tr></table><p class="totop"><a href="#summary">back to summary</a></p>
<h3 id="m29">TestCases.CourseraTest3#courseraForCampus</h3><table class="result"><tr class="param"><th>Parameter #1</th><th>Parameter #2</th><th>Parameter #3</th><th>Parameter #4</th><th>Parameter #5</th><th>Parameter #6</th><th>Parameter #7</th><th>Parameter #8</th><th>Parameter #9</th><th>Parameter #10</th><th>Parameter #11</th></tr><tr class="param stripe"><td>Rohan</td><td>Das</td><td>rda@cog.com</td><td>98765sdca#</td><td>2 Year College</td><td>Cognizant</td><td>CEO</td><td>International</td><td>Tech Support</td><td>India</td><td>West Bengal</td></tr></table><p class="totop"><a href="#summary">back to summary</a></p>
<h3 id="m30">TestCases.CourseraTest3#courseraForCampus</h3><table class="result"><tr class="param"><th>Parameter #1</th><th>Parameter #2</th><th>Parameter #3</th><th>Parameter #4</th><th>Parameter #5</th><th>Parameter #6</th><th>Parameter #7</th><th>Parameter #8</th><th>Parameter #9</th><th>Parameter #10</th><th>Parameter #11</th></tr><tr class="param stripe"><td>Rohan</td><td>Das</td><td>d3qn4</td><td>9876543210</td><td>2 Year College</td><td>Cognizant</td><td>CEO</td><td>International</td><td>Tech Support</td><td>India</td><td>West Bengal</td></tr></table><p class="totop"><a href="#summary">back to summary</a></p>
<h3 id="m31">TestCases.CourseraTest3#courseraForCampus</h3><table class="result"><tr class="param"><th>Parameter #1</th><th>Parameter #2</th><th>Parameter #3</th><th>Parameter #4</th><th>Parameter #5</th><th>Parameter #6</th><th>Parameter #7</th><th>Parameter #8</th><th>Parameter #9</th><th>Parameter #10</th><th>Parameter #11</th></tr><tr class="param stripe"><td>Rohan</td><td></td><td>abg@gil.com</td><td>9876543210</td><td>2 Year College</td><td>Cognizant</td><td>CEO</td><td>International</td><td>Tech Support</td><td>India</td><td>West Bengal</td></tr></table><p class="totop"><a href="#summary">back to summary</a></p>
<h3 id="m32">TestCases.CourseraTest3#courseraForCampus</h3><table class="result"><tr class="param"><th>Parameter #1</th><th>Parameter #2</th><th>Parameter #3</th><th>Parameter #4</th><th>Parameter #5</th><th>Parameter #6</th><th>Parameter #7</th><th>Parameter #8</th><th>Parameter #9</th><th>Parameter #10</th><th>Parameter #11</th></tr><tr class="param stripe"><td>Rohan</td><td>Das</td><td>rda#cog</td><td>9876543210</td><td>2 Year College</td><td>Cognizant</td><td>CEO</td><td>International</td><td>Tech Support</td><td>India</td><td>West Bengal</td></tr></table><p class="totop"><a href="#summary">back to summary</a></p>
<h3 id="m33">TestCases.CourseraTest3#courseraForCampus</h3><table class="result"><tr class="param"><th>Parameter #1</th><th>Parameter #2</th><th>Parameter #3</th><th>Parameter #4</th><th>Parameter #5</th><th>Parameter #6</th><th>Parameter #7</th><th>Parameter #8</th><th>Parameter #9</th><th>Parameter #10</th><th>Parameter #11</th></tr><tr class="param stripe"><td>Rohan</td><td>Das</td><td></td><td>9876543210</td><td>2 Year College</td><td>Cognizant</td><td>CEO</td><td>International</td><td>Tech Support</td><td>India</td><td>West Bengal</td></tr></table><p class="totop"><a href="#summary">back to summary</a></p>
<h3 id="m34">TestCases.CourseraTest3#courseraForCampus</h3><table class="result"><tr class="param"><th>Parameter #1</th><th>Parameter #2</th><th>Parameter #3</th><th>Parameter #4</th><th>Parameter #5</th><th>Parameter #6</th><th>Parameter #7</th><th>Parameter #8</th><th>Parameter #9</th><th>Parameter #10</th><th>Parameter #11</th></tr><tr class="param stripe"><td>Rohan</td><td>Das</td><td>abg@gil.com</td><td>ajshfxjhqj</td><td>2 Year College</td><td>Cognizant</td><td>CEO</td><td>International</td><td>Tech Support</td><td>India</td><td>West Bengal</td></tr></table><p class="totop"><a href="#summary">back to summary</a></p>
<h3 id="m35">TestCases.CourseraTest3#homePage3</h3><table class="result"><tr><th class="invisible"/></tr></table><p class="totop"><a href="#summary">back to summary</a></p>
</body>
</html>
